<!DOCTYPE html>

<html>
  <head>
  <meta charset='utf-8'>
  <title>TestNG reports</title>

    <link type="text/css" href="testng-reports1.css" rel="stylesheet" id="ultra" />
    <link type="text/css" href="testng-reports.css" rel="stylesheet" id="retro" disabled="false"/>
    <script type="text/javascript" src="jquery-3.6.0.min.js"></script>
    <script type="text/javascript" src="testng-reports.js"></script>
    <script type="text/javascript" src="https://www.google.com/jsapi"></script>
    <script type='text/javascript'>
      google.load('visualization', '1', {packages:['table']});
      google.setOnLoadCallback(drawTable);
      var suiteTableInitFunctions = new Array();
      var suiteTableData = new Array();
    </script>
    <!--
      <script type="text/javascript" src="jquery-ui/js/jquery-ui-1.8.16.custom.min.js"></script>
     -->
  </head>

  <body>    <div class="top-banner-root">
      <span class="top-banner-title-font">Test results</span>
      <button id="button" class="button">Switch Retro Theme</button> <!-- button -->
      <br/>
      <span class="top-banner-font-1">1 suite, 2 failed tests</span>
    </div> <!-- top-banner-root -->
    <div class="navigator-root">
      <div class="navigator-suite-header">
        <span>All suites</span>
        <a href="#" title="Collapse/expand all the suites" class="collapse-all-link">
          <img src="collapseall.gif" class="collapse-all-icon">
          </img> <!-- collapse-all-icon -->
        </a> <!-- collapse-all-link -->
      </div> <!-- navigator-suite-header -->
      <div class="suite">
        <div class="rounded-window">
          <div class="suite-header light-rounded-window-top">
            <a href="#" panel-name="suite-DemoQA_Test_Suite" class="navigator-link">
              <span class="suite-name border-failed">DemoQA Test Suite</span>
            </a> <!-- navigator-link -->
          </div> <!-- suite-header light-rounded-window-top -->
          <div class="navigator-suite-content">
            <div class="suite-section-title">
              <span>Info</span>
            </div> <!-- suite-section-title -->
            <div class="suite-section-content">
              <ul>
                <li>
                  <a href="#" panel-name="test-xml-DemoQA_Test_Suite" class="navigator-link ">
                    <span>testng.xml</span>
                  </a> <!-- navigator-link  -->
                </li>
                <li>
                  <a href="#" panel-name="testlist-DemoQA_Test_Suite" class="navigator-link ">
                    <span class="test-stats">1 test</span>
                  </a> <!-- navigator-link  -->
                </li>
                <li>
                  <a href="#" panel-name="group-DemoQA_Test_Suite" class="navigator-link ">
                    <span>0 groups</span>
                  </a> <!-- navigator-link  -->
                </li>
                <li>
                  <a href="#" panel-name="times-DemoQA_Test_Suite" class="navigator-link ">
                    <span>Times</span>
                  </a> <!-- navigator-link  -->
                </li>
                <li>
                  <a href="#" panel-name="reporter-DemoQA_Test_Suite" class="navigator-link ">
                    <span>Reporter output</span>
                  </a> <!-- navigator-link  -->
                </li>
                <li>
                  <a href="#" panel-name="ignored-methods-DemoQA_Test_Suite" class="navigator-link ">
                    <span>Ignored methods</span>
                  </a> <!-- navigator-link  -->
                </li>
                <li>
                  <a href="#" panel-name="chronological-DemoQA_Test_Suite" class="navigator-link ">
                    <span>Chronological view</span>
                  </a> <!-- navigator-link  -->
                </li>
              </ul>
            </div> <!-- suite-section-content -->
            <div class="result-section">
              <div class="suite-section-title">
                <span>Results</span>
              </div> <!-- suite-section-title -->
              <div class="suite-section-content">
                <ul>
                  <li>
                    <span class="method-stats">11 methods, 2 failed,   9 passed</span>
                  </li>
                  <li>
                    <span class="method-list-title failed">Failed methods</span>
                    <span class="show-or-hide-methods failed">
                      <a href="#" panel-name="suite-DemoQA_Test_Suite" class="hide-methods failed suite-DemoQA_Test_Suite"> (hide)</a> <!-- hide-methods failed suite-DemoQA_Test_Suite -->
                      <a href="#" panel-name="suite-DemoQA_Test_Suite" class="show-methods failed suite-DemoQA_Test_Suite"> (show)</a> <!-- show-methods failed suite-DemoQA_Test_Suite -->
                    </span>
                    <div class="method-list-content failed suite-DemoQA_Test_Suite">
                      <span>
                        <img src="failed.png" width="3%"/>
                        <a href="#" panel-name="suite-DemoQA_Test_Suite" title="com.demo.qa.testcases.InteractionsPageTest" class="method navigator-link" hash-for-method="verifyDragAndDropTest">verifyDragAndDropTest</a> <!-- method navigator-link -->
                      </span>
                      <br/>
                      <span>
                        <img src="failed.png" width="3%"/>
                        <a href="#" panel-name="suite-DemoQA_Test_Suite" title="com.demo.qa.testcases.ElementPageTest" class="method navigator-link" hash-for-method="verifyResult">verifyResult</a> <!-- method navigator-link -->
                      </span>
                      <br/>
                    </div> <!-- method-list-content failed suite-DemoQA_Test_Suite -->
                  </li>
                  <li>
                    <span class="method-list-title passed">Passed methods</span>
                    <span class="show-or-hide-methods passed">
                      <a href="#" panel-name="suite-DemoQA_Test_Suite" class="hide-methods passed suite-DemoQA_Test_Suite"> (hide)</a> <!-- hide-methods passed suite-DemoQA_Test_Suite -->
                      <a href="#" panel-name="suite-DemoQA_Test_Suite" class="show-methods passed suite-DemoQA_Test_Suite"> (show)</a> <!-- show-methods passed suite-DemoQA_Test_Suite -->
                    </span>
                    <div class="method-list-content passed suite-DemoQA_Test_Suite">
                      <span>
                        <img src="passed.png" width="3%"/>
                        <a href="#" panel-name="suite-DemoQA_Test_Suite" title="com.demo.qa.testcases.HomePageTest" class="method navigator-link" hash-for-method="clickOnElementPageTest">clickOnElementPageTest</a> <!-- method navigator-link -->
                      </span>
                      <br/>
                      <span>
                        <img src="passed.png" width="3%"/>
                        <a href="#" panel-name="suite-DemoQA_Test_Suite" title="com.demo.qa.testcases.ElementPageTest" class="method navigator-link" hash-for-method="completeFormWithCredentials(Priya,  mohanapriya@gmail.com,  tower 19 vijay apartments chennai-1.)">completeFormWithCredentials(Priya,  mohanapriya@gmail.com,  tower 19 vijay apartments chennai-1.)</a> <!-- method navigator-link -->
                      </span>
                      <br/>
                      <span>
                        <img src="passed.png" width="3%"/>
                        <a href="#" panel-name="suite-DemoQA_Test_Suite" title="com.demo.qa.testcases.FramesAlertPageTest" class="method navigator-link" hash-for-method="verifyAlertsTabTest">verifyAlertsTabTest</a> <!-- method navigator-link -->
                      </span>
                      <br/>
                      <span>
                        <img src="passed.png" width="3%"/>
                        <a href="#" panel-name="suite-DemoQA_Test_Suite" title="com.demo.qa.testcases.ElementPageTest" class="method navigator-link" hash-for-method="verifyElementPageTest">verifyElementPageTest</a> <!-- method navigator-link -->
                      </span>
                      <br/>
                      <span>
                        <img src="passed.png" width="3%"/>
                        <a href="#" panel-name="suite-DemoQA_Test_Suite" title="com.demo.qa.testcases.FramesAlertPageTest" class="method navigator-link" hash-for-method="verifyFrameTabTest">verifyFrameTabTest</a> <!-- method navigator-link -->
                      </span>
                      <br/>
                      <span>
                        <img src="passed.png" width="3%"/>
                        <a href="#" panel-name="suite-DemoQA_Test_Suite" title="com.demo.qa.testcases.HomePageTest" class="method navigator-link" hash-for-method="verifyHomePageTest">verifyHomePageTest</a> <!-- method navigator-link -->
                      </span>
                      <br/>
                      <span>
                        <img src="passed.png" width="3%"/>
                        <a href="#" panel-name="suite-DemoQA_Test_Suite" title="com.demo.qa.testcases.InteractionsPageTest" class="method navigator-link" hash-for-method="verifyInteractionsTab">verifyInteractionsTab</a> <!-- method navigator-link -->
                      </span>
                      <br/>
                      <span>
                        <img src="passed.png" width="3%"/>
                        <a href="#" panel-name="suite-DemoQA_Test_Suite" title="com.demo.qa.testcases.ElementPageTest" class="method navigator-link" hash-for-method="verifyTextBoxPageTest">verifyTextBoxPageTest</a> <!-- method navigator-link -->
                      </span>
                      <br/>
                      <span>
                        <img src="passed.png" width="3%"/>
                        <a href="#" panel-name="suite-DemoQA_Test_Suite" title="com.demo.qa.testcases.FramesAlertPageTest" class="method navigator-link" hash-for-method="verifyWindowsTabTest">verifyWindowsTabTest</a> <!-- method navigator-link -->
                      </span>
                      <br/>
                    </div> <!-- method-list-content passed suite-DemoQA_Test_Suite -->
                  </li>
                </ul>
              </div> <!-- suite-section-content -->
            </div> <!-- result-section -->
          </div> <!-- navigator-suite-content -->
        </div> <!-- rounded-window -->
      </div> <!-- suite -->
    </div> <!-- navigator-root -->
    <div class="wrapper">
      <div class="main-panel-root">
        <div panel-name="suite-DemoQA_Test_Suite" class="panel DemoQA_Test_Suite">
          <div class="suite-DemoQA_Test_Suite-class-failed">
            <div class="main-panel-header rounded-window-top">
              <img src="failed.png"/>
              <span class="class-name">com.demo.qa.testcases.ElementPageTest</span>
            </div> <!-- main-panel-header rounded-window-top -->
            <div class="main-panel-content rounded-window-bottom">
              <div class="method">
                <div class="method-content">
                  <a name="verifyResult">
                  </a> <!-- verifyResult -->
                  <span class="method-name">verifyResult</span>
                  <div class="stack-trace">java.lang.AssertionError: expected [Name:Priya] but found [Priya]
	at org.testng.Assert.fail(Assert.java:111)
	at org.testng.Assert.failNotEquals(Assert.java:1578)
	at org.testng.Assert.assertEqualsImpl(Assert.java:150)
	at org.testng.Assert.assertEquals(Assert.java:132)
	at org.testng.Assert.assertEquals(Assert.java:656)
	at org.testng.Assert.assertEquals(Assert.java:666)
	at com.demo.qa.testcases.ElementPageTest.verifyResult(ElementPageTest.java:71)
	at java.base/jdk.internal.reflect.NativeMethodAccessorImpl.invoke0(Native Method)
	at java.base/jdk.internal.reflect.NativeMethodAccessorImpl.invoke(NativeMethodAccessorImpl.java:77)
	at java.base/jdk.internal.reflect.DelegatingMethodAccessorImpl.invoke(DelegatingMethodAccessorImpl.java:43)
	at java.base/java.lang.reflect.Method.invoke(Method.java:568)
	at org.testng.internal.invokers.MethodInvocationHelper.invokeMethod(MethodInvocationHelper.java:139)
	at org.testng.internal.invokers.TestInvoker.invokeMethod(TestInvoker.java:664)
	at org.testng.internal.invokers.TestInvoker.invokeTestMethod(TestInvoker.java:227)
	at org.testng.internal.invokers.MethodRunner.runInSequence(MethodRunner.java:50)
	at org.testng.internal.invokers.TestInvoker$MethodInvocationAgent.invoke(TestInvoker.java:957)
	at org.testng.internal.invokers.TestInvoker.invokeTestMethods(TestInvoker.java:200)
	at org.testng.internal.invokers.TestMethodWorker.invokeTestMethods(TestMethodWorker.java:148)
	at org.testng.internal.invokers.TestMethodWorker.run(TestMethodWorker.java:128)
	at java.base/java.util.ArrayList.forEach(ArrayList.java:1511)
	at org.testng.TestRunner.privateRun(TestRunner.java:848)
	at org.testng.TestRunner.run(TestRunner.java:621)
	at org.testng.SuiteRunner.runTest(SuiteRunner.java:443)
	at org.testng.SuiteRunner.runSequentially(SuiteRunner.java:437)
	at org.testng.SuiteRunner.privateRun(SuiteRunner.java:397)
	at org.testng.SuiteRunner.run(SuiteRunner.java:336)
	at org.testng.SuiteRunnerWorker.runSuite(SuiteRunnerWorker.java:52)
	at org.testng.SuiteRunnerWorker.run(SuiteRunnerWorker.java:95)
	at org.testng.TestNG.runSuitesSequentially(TestNG.java:1280)
	at org.testng.TestNG.runSuitesLocally(TestNG.java:1200)
	at org.testng.TestNG.runSuites(TestNG.java:1114)
	at org.testng.TestNG.run(TestNG.java:1082)
	at com.intellij.rt.testng.IDEARemoteTestNG.run(IDEARemoteTestNG.java:65)
	at com.intellij.rt.testng.RemoteTestNGStarter.main(RemoteTestNGStarter.java:105)

</div> <!-- stack-trace -->
                </div> <!-- method-content -->
              </div> <!-- method -->
            </div> <!-- main-panel-content rounded-window-bottom -->
          </div> <!-- suite-DemoQA_Test_Suite-class-failed -->
          <div class="suite-DemoQA_Test_Suite-class-failed">
            <div class="main-panel-header rounded-window-top">
              <img src="failed.png"/>
              <span class="class-name">com.demo.qa.testcases.InteractionsPageTest</span>
            </div> <!-- main-panel-header rounded-window-top -->
            <div class="main-panel-content rounded-window-bottom">
              <div class="method">
                <div class="method-content">
                  <a name="verifyDragAndDropTest">
                  </a> <!-- verifyDragAndDropTest -->
                  <span class="method-name">verifyDragAndDropTest</span>
                  <div class="stack-trace">org.openqa.selenium.TimeoutException: Expected condition failed: waiting for visibility of Proxy element for: DefaultElementLocator &apos;By.xpath: //p[text()=&apos;Dropped!&apos;]&apos; (tried for 10 second(s) with 500 milliseconds interval)
	at org.openqa.selenium.support.ui.WebDriverWait.timeoutException(WebDriverWait.java:84)
	at org.openqa.selenium.support.ui.FluentWait.until(FluentWait.java:229)
	at com.demo.qa.utils.TestUtil.waitToElementToAppear(TestUtil.java:47)
	at com.demo.qa.pages.InteractionsPage.validateDragAndDrop(InteractionsPage.java:45)
	at com.demo.qa.testcases.InteractionsPageTest.verifyDragAndDropTest(InteractionsPageTest.java:48)
	at java.base/jdk.internal.reflect.NativeMethodAccessorImpl.invoke0(Native Method)
	at java.base/jdk.internal.reflect.NativeMethodAccessorImpl.invoke(NativeMethodAccessorImpl.java:77)
	at java.base/jdk.internal.reflect.DelegatingMethodAccessorImpl.invoke(DelegatingMethodAccessorImpl.java:43)
	at java.base/java.lang.reflect.Method.invoke(Method.java:568)
	at org.testng.internal.invokers.MethodInvocationHelper.invokeMethod(MethodInvocationHelper.java:139)
	at org.testng.internal.invokers.TestInvoker.invokeMethod(TestInvoker.java:664)
	at org.testng.internal.invokers.TestInvoker.invokeTestMethod(TestInvoker.java:227)
	at org.testng.internal.invokers.MethodRunner.runInSequence(MethodRunner.java:50)
	at org.testng.internal.invokers.TestInvoker$MethodInvocationAgent.invoke(TestInvoker.java:957)
	at org.testng.internal.invokers.TestInvoker.invokeTestMethods(TestInvoker.java:200)
	at org.testng.internal.invokers.TestMethodWorker.invokeTestMethods(TestMethodWorker.java:148)
	at org.testng.internal.invokers.TestMethodWorker.run(TestMethodWorker.java:128)
	at java.base/java.util.ArrayList.forEach(ArrayList.java:1511)
	at org.testng.TestRunner.privateRun(TestRunner.java:848)
	at org.testng.TestRunner.run(TestRunner.java:621)
	at org.testng.SuiteRunner.runTest(SuiteRunner.java:443)
	at org.testng.SuiteRunner.runSequentially(SuiteRunner.java:437)
	at org.testng.SuiteRunner.privateRun(SuiteRunner.java:397)
	at org.testng.SuiteRunner.run(SuiteRunner.java:336)
	at org.testng.SuiteRunnerWorker.runSuite(SuiteRunnerWorker.java:52)
	at org.testng.SuiteRunnerWorker.run(SuiteRunnerWorker.java:95)
	at org.testng.TestNG.runSuitesSequentially(TestNG.java:1280)
	at org.testng.TestNG.runSuitesLocally(TestNG.java:1200)
	at org.testng.TestNG.runSuites(TestNG.java:1114)
	at org.testng.TestNG.run(TestNG.java:1082)
	at com.intellij.rt.testng.IDEARemoteTestNG.run(IDEARemoteTestNG.java:65)
	at com.intellij.rt.testng.RemoteTestNGStarter.main(RemoteTestNGStarter.java:105)
Caused by: org.openqa.selenium.NoSuchElementException: no such element: Unable to locate element: {&quot;method&quot;:&quot;xpath&quot;,&quot;selector&quot;:&quot;//p[text()=&apos;Dropped!&apos;]&quot;}
  (Session info: chrome=120.0.6099.129)
For documentation on this error, please visit: https://www.selenium.dev/documentation/webdriver/troubleshooting/errors#no-such-element-exception
Build info: version: &apos;4.16.1&apos;, revision: &apos;9b4c83354e&apos;
System info: os.name: &apos;Linux&apos;, os.arch: &apos;amd64&apos;, os.version: &apos;6.5.0-14-generic&apos;, java.version: &apos;17.0.9&apos;
Driver info: org.openqa.selenium.chrome.ChromeDriver
Command: [fb2a3b0c5f1f6b67896a65d579a5a5e0, findElement {using=xpath, value=//p[text()=&apos;Dropped!&apos;]}]
Capabilities {acceptInsecureCerts: false, browserName: chrome, browserVersion: 120.0.6099.129, chrome: {chromedriverVersion: 120.0.6099.109 (3419140ab66..., userDataDir: /tmp/.org.chromium.Chromium...}, fedcm:accounts: true, goog:chromeOptions: {debuggerAddress: localhost:34553}, networkConnectionEnabled: false, pageLoadStrategy: normal, platformName: linux, proxy: Proxy(), se:cdp: ws://localhost:34553/devtoo..., se:cdpVersion: 120.0.6099.129, setWindowRect: true, strictFileInteractability: false, timeouts: {implicit: 0, pageLoad: 300000, script: 30000}, unhandledPromptBehavior: dismiss and notify, webauthn:extension:credBlob: true, webauthn:extension:largeBlob: true, webauthn:extension:minPinLength: true, webauthn:extension:prf: true, webauthn:virtualAuthenticators: true}
Session ID: fb2a3b0c5f1f6b67896a65d579a5a5e0
	at java.base/jdk.internal.reflect.NativeConstructorAccessorImpl.newInstance0(Native Method)
	at java.base/jdk.internal.reflect.NativeConstructorAccessorImpl.newInstance(NativeConstructorAccessorImpl.java:77)
	at java.base/jdk.internal.reflect.DelegatingConstructorAccessorImpl.newInstance(DelegatingConstructorAccessorImpl.java:45)
	at java.base/java.lang.reflect.Constructor.newInstanceWithCaller(Constructor.java:499)
	at java.base/java.lang.reflect.Constructor.newInstance(Constructor.java:480)
	at org.openqa.selenium.remote.codec.w3c.W3CHttpResponseCodec.createException(W3CHttpResponseCodec.java:200)
	at org.openqa.selenium.remote.codec.w3c.W3CHttpResponseCodec.decode(W3CHttpResponseCodec.java:133)
	at org.openqa.selenium.remote.codec.w3c.W3CHttpResponseCodec.decode(W3CHttpResponseCodec.java:52)
	at org.openqa.selenium.remote.HttpCommandExecutor.execute(HttpCommandExecutor.java:191)
	at org.openqa.selenium.remote.service.DriverCommandExecutor.invokeExecute(DriverCommandExecutor.java:200)
	at org.openqa.selenium.remote.service.DriverCommandExecutor.execute(DriverCommandExecutor.java:175)
	at org.openqa.selenium.remote.RemoteWebDriver.execute(RemoteWebDriver.java:523)
	at org.openqa.selenium.remote.ElementLocation$ElementFinder$2.findElement(ElementLocation.java:165)
	at org.openqa.selenium.remote.ElementLocation.findElement(ElementLocation.java:59)
	at org.openqa.selenium.remote.RemoteWebDriver.findElement(RemoteWebDriver.java:360)
	at org.openqa.selenium.remote.RemoteWebDriver.findElement(RemoteWebDriver.java:354)
	at org.openqa.selenium.support.pagefactory.DefaultElementLocator.findElement(DefaultElementLocator.java:68)
	at org.openqa.selenium.support.pagefactory.internal.LocatingElementHandler.invoke(LocatingElementHandler.java:38)
	at jdk.proxy2/jdk.proxy2.$Proxy16.isDisplayed(Unknown Source)
	at org.openqa.selenium.support.ui.ExpectedConditions.elementIfVisible(ExpectedConditions.java:304)
	at org.openqa.selenium.support.ui.ExpectedConditions$10.apply(ExpectedConditions.java:290)
	at org.openqa.selenium.support.ui.ExpectedConditions$10.apply(ExpectedConditions.java:287)
	at org.openqa.selenium.support.ui.FluentWait.until(FluentWait.java:204)
	... 30 more

</div> <!-- stack-trace -->
                </div> <!-- method-content -->
              </div> <!-- method -->
            </div> <!-- main-panel-content rounded-window-bottom -->
          </div> <!-- suite-DemoQA_Test_Suite-class-failed -->
          <div class="suite-DemoQA_Test_Suite-class-passed">
            <div class="main-panel-header rounded-window-top">
              <img src="passed.png"/>
              <span class="class-name">com.demo.qa.testcases.ElementPageTest</span>
            </div> <!-- main-panel-header rounded-window-top -->
            <div class="main-panel-content rounded-window-bottom">
              <div class="method">
                <div class="method-content">
                  <a name="completeFormWithCredentials(Priya,  mohanapriya@gmail.com,  tower 19 vijay apartments chennai-1.)">
                  </a> <!-- completeFormWithCredentials(Priya,  mohanapriya@gmail.com,  tower 19 vijay apartments chennai-1.) -->
                  <span class="method-name">completeFormWithCredentials</span>
                  <span class="parameters">(Priya, mohanapriya@gmail.com, tower 19 vijay apartments chennai-1.)</span>
                </div> <!-- method-content -->
              </div> <!-- method -->
              <div class="method">
                <div class="method-content">
                  <a name="verifyElementPageTest">
                  </a> <!-- verifyElementPageTest -->
                  <span class="method-name">verifyElementPageTest</span>
                </div> <!-- method-content -->
              </div> <!-- method -->
              <div class="method">
                <div class="method-content">
                  <a name="verifyTextBoxPageTest">
                  </a> <!-- verifyTextBoxPageTest -->
                  <span class="method-name">verifyTextBoxPageTest</span>
                </div> <!-- method-content -->
              </div> <!-- method -->
            </div> <!-- main-panel-content rounded-window-bottom -->
          </div> <!-- suite-DemoQA_Test_Suite-class-passed -->
          <div class="suite-DemoQA_Test_Suite-class-passed">
            <div class="main-panel-header rounded-window-top">
              <img src="passed.png"/>
              <span class="class-name">com.demo.qa.testcases.InteractionsPageTest</span>
            </div> <!-- main-panel-header rounded-window-top -->
            <div class="main-panel-content rounded-window-bottom">
              <div class="method">
                <div class="method-content">
                  <a name="verifyInteractionsTab">
                  </a> <!-- verifyInteractionsTab -->
                  <span class="method-name">verifyInteractionsTab</span>
                </div> <!-- method-content -->
              </div> <!-- method -->
            </div> <!-- main-panel-content rounded-window-bottom -->
          </div> <!-- suite-DemoQA_Test_Suite-class-passed -->
          <div class="suite-DemoQA_Test_Suite-class-passed">
            <div class="main-panel-header rounded-window-top">
              <img src="passed.png"/>
              <span class="class-name">com.demo.qa.testcases.FramesAlertPageTest</span>
            </div> <!-- main-panel-header rounded-window-top -->
            <div class="main-panel-content rounded-window-bottom">
              <div class="method">
                <div class="method-content">
                  <a name="verifyAlertsTabTest">
                  </a> <!-- verifyAlertsTabTest -->
                  <span class="method-name">verifyAlertsTabTest</span>
                </div> <!-- method-content -->
              </div> <!-- method -->
              <div class="method">
                <div class="method-content">
                  <a name="verifyFrameTabTest">
                  </a> <!-- verifyFrameTabTest -->
                  <span class="method-name">verifyFrameTabTest</span>
                </div> <!-- method-content -->
              </div> <!-- method -->
              <div class="method">
                <div class="method-content">
                  <a name="verifyWindowsTabTest">
                  </a> <!-- verifyWindowsTabTest -->
                  <span class="method-name">verifyWindowsTabTest</span>
                </div> <!-- method-content -->
              </div> <!-- method -->
            </div> <!-- main-panel-content rounded-window-bottom -->
          </div> <!-- suite-DemoQA_Test_Suite-class-passed -->
          <div class="suite-DemoQA_Test_Suite-class-passed">
            <div class="main-panel-header rounded-window-top">
              <img src="passed.png"/>
              <span class="class-name">com.demo.qa.testcases.HomePageTest</span>
            </div> <!-- main-panel-header rounded-window-top -->
            <div class="main-panel-content rounded-window-bottom">
              <div class="method">
                <div class="method-content">
                  <a name="clickOnElementPageTest">
                  </a> <!-- clickOnElementPageTest -->
                  <span class="method-name">clickOnElementPageTest</span>
                </div> <!-- method-content -->
              </div> <!-- method -->
              <div class="method">
                <div class="method-content">
                  <a name="verifyHomePageTest">
                  </a> <!-- verifyHomePageTest -->
                  <span class="method-name">verifyHomePageTest</span>
                </div> <!-- method-content -->
              </div> <!-- method -->
            </div> <!-- main-panel-content rounded-window-bottom -->
          </div> <!-- suite-DemoQA_Test_Suite-class-passed -->
        </div> <!-- panel DemoQA_Test_Suite -->
        <div panel-name="test-xml-DemoQA_Test_Suite" class="panel">
          <div class="main-panel-header rounded-window-top">
            <span class="header-content">/home/mohag/Documents/Assignments/DemoQA/testng.xml</span>
          </div> <!-- main-panel-header rounded-window-top -->
          <div class="main-panel-content rounded-window-bottom">
            <pre>
&lt;?xml version=&quot;1.0&quot; encoding=&quot;UTF-8&quot;?&gt;
&lt;!DOCTYPE suite SYSTEM &quot;https://testng.org/testng-1.0.dtd&quot;&gt;
&lt;suite name=&quot;DemoQA Test Suite&quot; guice-stage=&quot;DEVELOPMENT&quot;&gt;
  &lt;listeners&gt;
    &lt;listener class-name=&quot;com.demo.qa.listeners.CustomListener&quot;/&gt;
  &lt;/listeners&gt;
  &lt;test thread-count=&quot;5&quot; name=&quot;/home/mohag/Documents/Assignments/DemoQA&quot; verbose=&quot;2&quot;&gt;
    &lt;classes&gt;
      &lt;class name=&quot;com.demo.qa.testcases.HomePageTest&quot;/&gt;
      &lt;class name=&quot;com.demo.qa.testcases.ElementPageTest&quot;/&gt;
      &lt;class name=&quot;com.demo.qa.testcases.FramesAlertPageTest&quot;/&gt;
      &lt;class name=&quot;com.demo.qa.testcases.InteractionsPageTest&quot;/&gt;
    &lt;/classes&gt;
  &lt;/test&gt; &lt;!-- /home/mohag/Documents/Assignments/DemoQA --&gt;
&lt;/suite&gt; &lt;!-- DemoQA Test Suite --&gt;
            </pre>
          </div> <!-- main-panel-content rounded-window-bottom -->
        </div> <!-- panel -->
        <div panel-name="testlist-DemoQA_Test_Suite" class="panel">
          <div class="main-panel-header rounded-window-top">
            <span class="header-content">Tests for DemoQA Test Suite</span>
          </div> <!-- main-panel-header rounded-window-top -->
          <div class="main-panel-content rounded-window-bottom">
            <ul>
              <li>
                <span class="test-name">/home/mohag/Documents/Assignments/DemoQA (4 classes)</span>
              </li>
            </ul>
          </div> <!-- main-panel-content rounded-window-bottom -->
        </div> <!-- panel -->
        <div panel-name="group-DemoQA_Test_Suite" class="panel">
          <div class="main-panel-header rounded-window-top">
            <span class="header-content">Groups for DemoQA Test Suite</span>
          </div> <!-- main-panel-header rounded-window-top -->
          <div class="main-panel-content rounded-window-bottom">
          </div> <!-- main-panel-content rounded-window-bottom -->
        </div> <!-- panel -->
        <div panel-name="times-DemoQA_Test_Suite" class="panel">
          <div class="main-panel-header rounded-window-top">
            <span class="header-content">Times for DemoQA Test Suite</span>
          </div> <!-- main-panel-header rounded-window-top -->
          <div class="main-panel-content rounded-window-bottom">
            <div class="times-div">
              <script type="text/javascript">
suiteTableInitFunctions.push('tableData_DemoQA_Test_Suite');
function tableData_DemoQA_Test_Suite() {
var data = new google.visualization.DataTable();
data.addColumn('number', 'Number');
data.addColumn('string', 'Method');
data.addColumn('string', 'Class');
data.addColumn('number', 'Time (ms)');
data.addRows(11);
data.setCell(0, 0, 0)
data.setCell(0, 1, 'verifyDragAndDropTest')
data.setCell(0, 2, 'com.demo.qa.testcases.InteractionsPageTest')
data.setCell(0, 3, 20544);
data.setCell(1, 0, 1)
data.setCell(1, 1, 'completeFormWithCredentials')
data.setCell(1, 2, 'com.demo.qa.testcases.ElementPageTest')
data.setCell(1, 3, 1040);
data.setCell(2, 0, 2)
data.setCell(2, 1, 'verifyWindowsTabTest')
data.setCell(2, 2, 'com.demo.qa.testcases.FramesAlertPageTest')
data.setCell(2, 3, 743);
data.setCell(3, 0, 3)
data.setCell(3, 1, 'verifyAlertsTabTest')
data.setCell(3, 2, 'com.demo.qa.testcases.FramesAlertPageTest')
data.setCell(3, 3, 562);
data.setCell(4, 0, 4)
data.setCell(4, 1, 'verifyFrameTabTest')
data.setCell(4, 2, 'com.demo.qa.testcases.FramesAlertPageTest')
data.setCell(4, 3, 242);
data.setCell(5, 0, 5)
data.setCell(5, 1, 'verifyInteractionsTab')
data.setCell(5, 2, 'com.demo.qa.testcases.InteractionsPageTest')
data.setCell(5, 3, 220);
data.setCell(6, 0, 6)
data.setCell(6, 1, 'clickOnElementPageTest')
data.setCell(6, 2, 'com.demo.qa.testcases.HomePageTest')
data.setCell(6, 3, 201);
data.setCell(7, 0, 7)
data.setCell(7, 1, 'verifyTextBoxPageTest')
data.setCell(7, 2, 'com.demo.qa.testcases.ElementPageTest')
data.setCell(7, 3, 132);
data.setCell(8, 0, 8)
data.setCell(8, 1, 'verifyHomePageTest')
data.setCell(8, 2, 'com.demo.qa.testcases.HomePageTest')
data.setCell(8, 3, 90);
data.setCell(9, 0, 9)
data.setCell(9, 1, 'verifyResult')
data.setCell(9, 2, 'com.demo.qa.testcases.ElementPageTest')
data.setCell(9, 3, 87);
data.setCell(10, 0, 10)
data.setCell(10, 1, 'verifyElementPageTest')
data.setCell(10, 2, 'com.demo.qa.testcases.ElementPageTest')
data.setCell(10, 3, 62);
window.suiteTableData['DemoQA_Test_Suite']= { tableData: data, tableDiv: 'times-div-DemoQA_Test_Suite'}
return data;
}
              </script>
              <span class="suite-total-time">Total running time: 23 seconds</span>
              <div id="times-div-DemoQA_Test_Suite">
              </div> <!-- times-div-DemoQA_Test_Suite -->
            </div> <!-- times-div -->
          </div> <!-- main-panel-content rounded-window-bottom -->
        </div> <!-- panel -->
        <div panel-name="reporter-DemoQA_Test_Suite" class="panel">
          <div class="main-panel-header rounded-window-top">
            <span class="header-content">Reporter output for DemoQA Test Suite</span>
          </div> <!-- main-panel-header rounded-window-top -->
          <div class="main-panel-content rounded-window-bottom">
          </div> <!-- main-panel-content rounded-window-bottom -->
        </div> <!-- panel -->
        <div panel-name="ignored-methods-DemoQA_Test_Suite" class="panel">
          <div class="main-panel-header rounded-window-top">
            <span class="header-content">0 ignored methods</span>
          </div> <!-- main-panel-header rounded-window-top -->
          <div class="main-panel-content rounded-window-bottom">
          </div> <!-- main-panel-content rounded-window-bottom -->
        </div> <!-- panel -->
        <div panel-name="chronological-DemoQA_Test_Suite" class="panel">
          <div class="main-panel-header rounded-window-top">
            <span class="header-content">Methods in chronological order</span>
          </div> <!-- main-panel-header rounded-window-top -->
          <div class="main-panel-content rounded-window-bottom">
            <div class="chronological-class">
              <div class="chronological-class-name">com.demo.qa.testcases.HomePageTest</div> <!-- chronological-class-name -->
              <div class="configuration-class before">
                <span class="method-name">visitURL</span>
                <span class="method-start">0 ms</span>
              </div> <!-- configuration-class before -->
              <div class="configuration-method before">
                <span class="method-name">setUpReports([TestResult name={null} status=CREATED method=HomePageTest.verifyHomePageTest()[pri:1, instance:com....)</span>
                <span class="method-start">6530 ms</span>
              </div> <!-- configuration-method before -->
              <div class="test-method">
                <span class="method-name">verifyHomePageTest</span>
                <span class="method-start">6544 ms</span>
              </div> <!-- test-method -->
              <div class="configuration-method after">
                <span class="method-name">reportStatusLog([TestResult name=verifyHomePageTest status=SUCCESS method=HomePageTest.verifyHomePageTest()[pri:1, i...)</span>
                <span class="method-start">6637 ms</span>
              </div> <!-- configuration-method after -->
              <div class="configuration-method before">
                <span class="method-name">setUpReports([TestResult name={null} status=CREATED method=HomePageTest.clickOnElementPageTest()[pri:2, instance:...)</span>
                <span class="method-start">6647 ms</span>
              </div> <!-- configuration-method before -->
              <div class="test-method">
                <span class="method-name">clickOnElementPageTest</span>
                <span class="method-start">6649 ms</span>
              </div> <!-- test-method -->
              <div class="configuration-method after">
                <span class="method-name">reportStatusLog([TestResult name=clickOnElementPageTest status=SUCCESS method=HomePageTest.clickOnElementPageTest()[...)</span>
                <span class="method-start">6852 ms</span>
              </div> <!-- configuration-method after -->
              <div class="configuration-class after">
                <span class="method-name">closeBrowser</span>
                <span class="method-start">6855 ms</span>
              </div> <!-- configuration-class after -->
            </div> <!-- chronological-class -->
            <div class="chronological-class">
              <div class="chronological-class-name">com.demo.qa.testcases.ElementPageTest</div> <!-- chronological-class-name -->
              <div class="configuration-class before">
                <span class="method-name">visitURL</span>
                <span class="method-start">7943 ms</span>
              </div> <!-- configuration-class before -->
              <div class="configuration-method before">
                <span class="method-name">setUpReports([TestResult name={null} status=CREATED method=ElementPageTest.verifyElementPageTest()[pri:0, instanc...)</span>
                <span class="method-start">12477 ms</span>
              </div> <!-- configuration-method before -->
              <div class="test-method">
                <span class="method-name">verifyElementPageTest</span>
                <span class="method-start">12478 ms</span>
              </div> <!-- test-method -->
              <div class="configuration-method after">
                <span class="method-name">reportStatusLog([TestResult name=verifyElementPageTest status=SUCCESS method=ElementPageTest.verifyElementPageTest()...)</span>
                <span class="method-start">12540 ms</span>
              </div> <!-- configuration-method after -->
              <div class="configuration-method before">
                <span class="method-name">setUpReports([TestResult name={null} status=CREATED method=ElementPageTest.verifyTextBoxPageTest()[pri:1, instanc...)</span>
                <span class="method-start">12542 ms</span>
              </div> <!-- configuration-method before -->
              <div class="test-method">
                <span class="method-name">verifyTextBoxPageTest</span>
                <span class="method-start">12542 ms</span>
              </div> <!-- test-method -->
              <div class="configuration-method after">
                <span class="method-name">reportStatusLog([TestResult name=verifyTextBoxPageTest status=SUCCESS method=ElementPageTest.verifyTextBoxPageTest()...)</span>
                <span class="method-start">12675 ms</span>
              </div> <!-- configuration-method after -->
              <div class="configuration-method before">
                <span class="method-name">setUpReports([TestResult name={null} status=CREATED method=ElementPageTest.completeFormWithCredentials(java.lang....)</span>
                <span class="method-start">12696 ms</span>
              </div> <!-- configuration-method before -->
              <div class="test-method">
                <span class="method-name">completeFormWithCredentials(Priya,  mohanapriya@gmail.com,  tower 19 vijay apartments chennai-1.)</span>
                <span class="method-start">12696 ms</span>
              </div> <!-- test-method -->
              <div class="configuration-method after">
                <span class="method-name">reportStatusLog([TestResult name=completeFormWithCredentials status=SUCCESS method=ElementPageTest.completeFormWithC...)</span>
                <span class="method-start">13737 ms</span>
              </div> <!-- configuration-method after -->
              <div class="configuration-method before">
                <span class="method-name">setUpReports([TestResult name={null} status=CREATED method=ElementPageTest.verifyResult()[pri:3, instance:com.dem...)</span>
                <span class="method-start">13740 ms</span>
              </div> <!-- configuration-method before -->
              <div class="test-method">
                <img src="failed.png">
                </img>
                <span class="method-name">verifyResult</span>
                <span class="method-start">13742 ms</span>
              </div> <!-- test-method -->
              <div class="configuration-method after">
                <span class="method-name">reportStatusLog([TestResult name=verifyResult status=FAILURE method=ElementPageTest.verifyResult()[pri:3, instance:c...)</span>
                <span class="method-start">17631 ms</span>
              </div> <!-- configuration-method after -->
              <div class="configuration-class after">
                <span class="method-name">closeBrowser</span>
                <span class="method-start">17807 ms</span>
              </div> <!-- configuration-class after -->
            </div> <!-- chronological-class -->
            <div class="chronological-class">
              <div class="chronological-class-name">com.demo.qa.testcases.FramesAlertPageTest</div> <!-- chronological-class-name -->
              <div class="configuration-class before">
                <span class="method-name">visitURL</span>
                <span class="method-start">17973 ms</span>
              </div> <!-- configuration-class before -->
              <div class="configuration-method before">
                <span class="method-name">setUpReports([TestResult name={null} status=CREATED method=FramesAlertPageTest.verifyFrameTabTest()[pri:0, instan...)</span>
                <span class="method-start">23031 ms</span>
              </div> <!-- configuration-method before -->
              <div class="test-method">
                <span class="method-name">verifyFrameTabTest</span>
                <span class="method-start">23033 ms</span>
              </div> <!-- test-method -->
              <div class="configuration-method after">
                <span class="method-name">reportStatusLog([TestResult name=verifyFrameTabTest status=SUCCESS method=FramesAlertPageTest.verifyFrameTabTest()[p...)</span>
                <span class="method-start">23276 ms</span>
              </div> <!-- configuration-method after -->
              <div class="configuration-method before">
                <span class="method-name">setUpReports([TestResult name={null} status=CREATED method=FramesAlertPageTest.verifyWindowsTabTest()[pri:1, inst...)</span>
                <span class="method-start">23278 ms</span>
              </div> <!-- configuration-method before -->
              <div class="test-method">
                <span class="method-name">verifyWindowsTabTest</span>
                <span class="method-start">23279 ms</span>
              </div> <!-- test-method -->
              <div class="configuration-method after">
                <span class="method-name">reportStatusLog([TestResult name=verifyWindowsTabTest status=SUCCESS method=FramesAlertPageTest.verifyWindowsTabTest...)</span>
                <span class="method-start">24023 ms</span>
              </div> <!-- configuration-method after -->
              <div class="configuration-method before">
                <span class="method-name">setUpReports([TestResult name={null} status=CREATED method=FramesAlertPageTest.verifyAlertsTabTest()[pri:2, insta...)</span>
                <span class="method-start">24032 ms</span>
              </div> <!-- configuration-method before -->
              <div class="test-method">
                <span class="method-name">verifyAlertsTabTest</span>
                <span class="method-start">24037 ms</span>
              </div> <!-- test-method -->
              <div class="configuration-method after">
                <span class="method-name">reportStatusLog([TestResult name=verifyAlertsTabTest status=SUCCESS method=FramesAlertPageTest.verifyAlertsTabTest()...)</span>
                <span class="method-start">24600 ms</span>
              </div> <!-- configuration-method after -->
              <div class="configuration-class after">
                <span class="method-name">closeBrowser</span>
                <span class="method-start">24601 ms</span>
              </div> <!-- configuration-class after -->
            </div> <!-- chronological-class -->
            <div class="chronological-class">
              <div class="chronological-class-name">com.demo.qa.testcases.InteractionsPageTest</div> <!-- chronological-class-name -->
              <div class="configuration-class before">
                <span class="method-name">visitURL</span>
                <span class="method-start">24848 ms</span>
              </div> <!-- configuration-class before -->
              <div class="configuration-method before">
                <span class="method-name">setUpReports([TestResult name={null} status=CREATED method=InteractionsPageTest.verifyInteractionsTab()[pri:0, in...)</span>
                <span class="method-start">29193 ms</span>
              </div> <!-- configuration-method before -->
              <div class="test-method">
                <span class="method-name">verifyInteractionsTab</span>
                <span class="method-start">29194 ms</span>
              </div> <!-- test-method -->
              <div class="configuration-method after">
                <span class="method-name">reportStatusLog([TestResult name=verifyInteractionsTab status=SUCCESS method=InteractionsPageTest.verifyInteractions...)</span>
                <span class="method-start">29414 ms</span>
              </div> <!-- configuration-method after -->
              <div class="configuration-method before">
                <span class="method-name">setUpReports([TestResult name={null} status=CREATED method=InteractionsPageTest.verifyDragAndDropTest()[pri:1, in...)</span>
                <span class="method-start">29420 ms</span>
              </div> <!-- configuration-method before -->
              <div class="test-method">
                <img src="failed.png">
                </img>
                <span class="method-name">verifyDragAndDropTest</span>
                <span class="method-start">29421 ms</span>
              </div> <!-- test-method -->
              <div class="configuration-method after">
                <span class="method-name">reportStatusLog([TestResult name=verifyDragAndDropTest status=FAILURE method=InteractionsPageTest.verifyDragAndDropT...)</span>
                <span class="method-start">55020 ms</span>
              </div> <!-- configuration-method after -->
              <div class="configuration-class after">
                <span class="method-name">closeBrowser</span>
                <span class="method-start">55181 ms</span>
              </div> <!-- configuration-class after -->
          </div> <!-- main-panel-content rounded-window-bottom -->
        </div> <!-- panel -->
      </div> <!-- main-panel-root -->
    </div> <!-- wrapper -->
  </body>
<script type="text/javascript" src="testng-reports2.js"></script>
</html>
