<?xml version="1.0" encoding="UTF-8"?>
<testng-results ignored="0" total="10" passed="6" failed="4" skipped="0">
  <reporter-output>
  </reporter-output>
  <suite started-at="2024-01-23T16:41:22 IST" name="All Test Suite" finished-at="2024-01-23T16:42:13 IST" duration-ms="50680">
    <groups>
    </groups>
    <test started-at="2024-01-23T16:41:22 IST" name="/home/mohag/Documents/Assignments/OrangeHRM" finished-at="2024-01-23T16:42:13 IST" duration-ms="50680">
      <class name="com.orange.qa.test.EmploymentPageTest">
        <test-method is-config="true" signature="setUpReportLog(org.testng.ITestResult)[pri:0, instance:com.orange.qa.test.EmploymentPageTest@14dd9eb7]" started-at="2024-01-23T16:41:25 IST" name="setUpReportLog" finished-at="2024-01-23T16:41:25 IST" duration-ms="1" status="PASS">
          <params>
            <param index="0">
              <value>
                <![CDATA[[TestResult name={null} status=CREATED method=EmploymentPageTest.loginIntoAccount()[pri:0, instance:com.orange.qa.test.EmploymentPageTest@14dd9eb7] output={null}]]]>
              </value>
            </param>
          </params>
          <reporter-output>
          </reporter-output>
        </test-method> <!-- setUpReportLog -->
        <test-method signature="loginIntoAccount()[pri:0, instance:com.orange.qa.test.EmploymentPageTest@14dd9eb7]" started-at="2024-01-23T16:41:25 IST" name="loginIntoAccount" finished-at="2024-01-23T16:41:45 IST" duration-ms="20077" status="FAIL">
          <exception class="org.openqa.selenium.NoSuchElementException">
            <message>
              <![CDATA[no such element: Unable to locate element: {"method":"css selector","selector":"*[name='username']"}
  (Session info: chrome=120.0.6099.129)
For documentation on this error, please visit: https://www.selenium.dev/documentation/webdriver/troubleshooting/errors#no-such-element-exception
Build info: version: '4.16.1', revision: '9b4c83354e'
System info: os.name: 'Linux', os.arch: 'amd64', os.version: '6.5.0-14-generic', java.version: '17.0.9'
Driver info: org.openqa.selenium.chrome.ChromeDriver
Command: [a6785914e008dfd8bb0c02cefc638905, findElement {using=name, value=username}]
Capabilities {acceptInsecureCerts: false, browserName: chrome, browserVersion: 120.0.6099.129, chrome: {chromedriverVersion: 120.0.6099.109 (3419140ab66..., userDataDir: /tmp/.org.chromium.Chromium...}, fedcm:accounts: true, goog:chromeOptions: {debuggerAddress: localhost:46093}, networkConnectionEnabled: false, pageLoadStrategy: normal, platformName: linux, proxy: Proxy(), se:cdp: ws://localhost:46093/devtoo..., se:cdpVersion: 120.0.6099.129, setWindowRect: true, strictFileInteractability: false, timeouts: {implicit: 0, pageLoad: 300000, script: 30000}, unhandledPromptBehavior: dismiss and notify, webauthn:extension:credBlob: true, webauthn:extension:largeBlob: true, webauthn:extension:minPinLength: true, webauthn:extension:prf: true, webauthn:virtualAuthenticators: true}
Session ID: a6785914e008dfd8bb0c02cefc638905]]>
            </message>
            <full-stacktrace>
              <![CDATA[org.openqa.selenium.NoSuchElementException: no such element: Unable to locate element: {"method":"css selector","selector":"*[name='username']"}
  (Session info: chrome=120.0.6099.129)
For documentation on this error, please visit: https://www.selenium.dev/documentation/webdriver/troubleshooting/errors#no-such-element-exception
Build info: version: '4.16.1', revision: '9b4c83354e'
System info: os.name: 'Linux', os.arch: 'amd64', os.version: '6.5.0-14-generic', java.version: '17.0.9'
Driver info: org.openqa.selenium.chrome.ChromeDriver
Command: [a6785914e008dfd8bb0c02cefc638905, findElement {using=name, value=username}]
Capabilities {acceptInsecureCerts: false, browserName: chrome, browserVersion: 120.0.6099.129, chrome: {chromedriverVersion: 120.0.6099.109 (3419140ab66..., userDataDir: /tmp/.org.chromium.Chromium...}, fedcm:accounts: true, goog:chromeOptions: {debuggerAddress: localhost:46093}, networkConnectionEnabled: false, pageLoadStrategy: normal, platformName: linux, proxy: Proxy(), se:cdp: ws://localhost:46093/devtoo..., se:cdpVersion: 120.0.6099.129, setWindowRect: true, strictFileInteractability: false, timeouts: {implicit: 0, pageLoad: 300000, script: 30000}, unhandledPromptBehavior: dismiss and notify, webauthn:extension:credBlob: true, webauthn:extension:largeBlob: true, webauthn:extension:minPinLength: true, webauthn:extension:prf: true, webauthn:virtualAuthenticators: true}
Session ID: a6785914e008dfd8bb0c02cefc638905
at java.base/jdk.internal.reflect.NativeConstructorAccessorImpl.newInstance0(Native Method)
at java.base/jdk.internal.reflect.NativeConstructorAccessorImpl.newInstance(NativeConstructorAccessorImpl.java:77)
at java.base/jdk.internal.reflect.DelegatingConstructorAccessorImpl.newInstance(DelegatingConstructorAccessorImpl.java:45)
at java.base/java.lang.reflect.Constructor.newInstanceWithCaller(Constructor.java:499)
at java.base/java.lang.reflect.Constructor.newInstance(Constructor.java:480)
at org.openqa.selenium.remote.codec.w3c.W3CHttpResponseCodec.createException(W3CHttpResponseCodec.java:200)
at org.openqa.selenium.remote.codec.w3c.W3CHttpResponseCodec.decode(W3CHttpResponseCodec.java:133)
at org.openqa.selenium.remote.codec.w3c.W3CHttpResponseCodec.decode(W3CHttpResponseCodec.java:52)
at org.openqa.selenium.remote.HttpCommandExecutor.execute(HttpCommandExecutor.java:191)
at org.openqa.selenium.remote.service.DriverCommandExecutor.invokeExecute(DriverCommandExecutor.java:200)
at org.openqa.selenium.remote.service.DriverCommandExecutor.execute(DriverCommandExecutor.java:175)
at org.openqa.selenium.remote.RemoteWebDriver.execute(RemoteWebDriver.java:523)
at org.openqa.selenium.remote.ElementLocation$ElementFinder$2.findElement(ElementLocation.java:165)
at org.openqa.selenium.remote.ElementLocation.findElement(ElementLocation.java:59)
at org.openqa.selenium.remote.RemoteWebDriver.findElement(RemoteWebDriver.java:360)
at org.openqa.selenium.remote.RemoteWebDriver.findElement(RemoteWebDriver.java:354)
at org.openqa.selenium.support.pagefactory.DefaultElementLocator.findElement(DefaultElementLocator.java:68)
at org.openqa.selenium.support.pagefactory.internal.LocatingElementHandler.invoke(LocatingElementHandler.java:38)
at jdk.proxy2/jdk.proxy2.$Proxy17.sendKeys(Unknown Source)
at com.orange.qa.pages.LoginPage.enterLoginDetails(LoginPage.java:36)
at com.orange.qa.test.EmploymentPageTest.loginIntoAccount(EmploymentPageTest.java:23)
at java.base/jdk.internal.reflect.NativeMethodAccessorImpl.invoke0(Native Method)
at java.base/jdk.internal.reflect.NativeMethodAccessorImpl.invoke(NativeMethodAccessorImpl.java:77)
at java.base/jdk.internal.reflect.DelegatingMethodAccessorImpl.invoke(DelegatingMethodAccessorImpl.java:43)
at java.base/java.lang.reflect.Method.invoke(Method.java:568)
at org.testng.internal.invokers.MethodInvocationHelper.invokeMethod(MethodInvocationHelper.java:139)
at org.testng.internal.invokers.TestInvoker.invokeMethod(TestInvoker.java:664)
at org.testng.internal.invokers.TestInvoker.invokeTestMethod(TestInvoker.java:227)
at org.testng.internal.invokers.MethodRunner.runInSequence(MethodRunner.java:50)
at org.testng.internal.invokers.TestInvoker$MethodInvocationAgent.invoke(TestInvoker.java:957)
at org.testng.internal.invokers.TestInvoker.invokeTestMethods(TestInvoker.java:200)
at org.testng.internal.invokers.TestMethodWorker.invokeTestMethods(TestMethodWorker.java:148)
at org.testng.internal.invokers.TestMethodWorker.run(TestMethodWorker.java:128)
at java.base/java.util.ArrayList.forEach(ArrayList.java:1511)
at org.testng.TestRunner.privateRun(TestRunner.java:848)
at org.testng.TestRunner.run(TestRunner.java:621)
at org.testng.SuiteRunner.runTest(SuiteRunner.java:443)
at org.testng.SuiteRunner.runSequentially(SuiteRunner.java:437)
at org.testng.SuiteRunner.privateRun(SuiteRunner.java:397)
at org.testng.SuiteRunner.run(SuiteRunner.java:336)
at org.testng.SuiteRunnerWorker.runSuite(SuiteRunnerWorker.java:52)
at org.testng.SuiteRunnerWorker.run(SuiteRunnerWorker.java:95)
at org.testng.TestNG.runSuitesSequentially(TestNG.java:1280)
at org.testng.TestNG.runSuitesLocally(TestNG.java:1200)
at org.testng.TestNG.runSuites(TestNG.java:1114)
at org.testng.TestNG.run(TestNG.java:1082)
at com.intellij.rt.testng.IDEARemoteTestNG.run(IDEARemoteTestNG.java:65)
at com.intellij.rt.testng.RemoteTestNGStarter.main(RemoteTestNGStarter.java:105)
]]>
            </full-stacktrace>
          </exception> <!-- org.openqa.selenium.NoSuchElementException -->
          <reporter-output>
          </reporter-output>
        </test-method> <!-- loginIntoAccount -->
        <test-method is-config="true" signature="statusLogOfReorts(org.testng.ITestResult)[pri:0, instance:com.orange.qa.test.EmploymentPageTest@14dd9eb7]" started-at="2024-01-23T16:41:45 IST" name="statusLogOfReorts" finished-at="2024-01-23T16:41:46 IST" duration-ms="158" status="PASS">
          <params>
            <param index="0">
              <value>
                <![CDATA[[TestResult name=loginIntoAccount status=FAILURE method=EmploymentPageTest.loginIntoAccount()[pri:0, instance:com.orange.qa.test.EmploymentPageTest@14dd9eb7] output={null}]]]>
              </value>
            </param>
          </params>
          <reporter-output>
          </reporter-output>
        </test-method> <!-- statusLogOfReorts -->
        <test-method is-config="true" signature="setUpReportLog(org.testng.ITestResult)[pri:0, instance:com.orange.qa.test.EmploymentPageTest@14dd9eb7]" started-at="2024-01-23T16:41:46 IST" name="setUpReportLog" finished-at="2024-01-23T16:41:46 IST" duration-ms="1" status="PASS">
          <params>
            <param index="0">
              <value>
                <![CDATA[[TestResult name={null} status=CREATED method=EmploymentPageTest.verifyEmploymentPage()[pri:1, instance:com.orange.qa.test.EmploymentPageTest@14dd9eb7] output={null}]]]>
              </value>
            </param>
          </params>
          <reporter-output>
          </reporter-output>
        </test-method> <!-- setUpReportLog -->
        <test-method signature="verifyEmploymentPage()[pri:1, instance:com.orange.qa.test.EmploymentPageTest@14dd9eb7]" started-at="2024-01-23T16:41:46 IST" name="verifyEmploymentPage" finished-at="2024-01-23T16:41:47 IST" duration-ms="1131" status="PASS">
          <reporter-output>
          </reporter-output>
        </test-method> <!-- verifyEmploymentPage -->
        <test-method is-config="true" signature="statusLogOfReorts(org.testng.ITestResult)[pri:0, instance:com.orange.qa.test.EmploymentPageTest@14dd9eb7]" started-at="2024-01-23T16:41:47 IST" name="statusLogOfReorts" finished-at="2024-01-23T16:41:47 IST" duration-ms="10" status="PASS">
          <params>
            <param index="0">
              <value>
                <![CDATA[[TestResult name=verifyEmploymentPage status=SUCCESS method=EmploymentPageTest.verifyEmploymentPage()[pri:1, instance:com.orange.qa.test.EmploymentPageTest@14dd9eb7] output={null}]]]>
              </value>
            </param>
          </params>
          <reporter-output>
          </reporter-output>
        </test-method> <!-- statusLogOfReorts -->
        <test-method is-config="true" signature="setUpReportLog(org.testng.ITestResult)[pri:0, instance:com.orange.qa.test.EmploymentPageTest@14dd9eb7]" started-at="2024-01-23T16:41:47 IST" name="setUpReportLog" finished-at="2024-01-23T16:41:47 IST" duration-ms="1" status="PASS">
          <params>
            <param index="0">
              <value>
                <![CDATA[[TestResult name={null} status=CREATED method=EmploymentPageTest.addNewEmployee(java.lang.String,java.lang.String,java.lang.String)[pri:2, instance:com.orange.qa.test.EmploymentPageTest@14dd9eb7] output={null}]]]>
              </value>
            </param>
          </params>
          <reporter-output>
          </reporter-output>
        </test-method> <!-- setUpReportLog -->
        <test-method signature="addNewEmployee(java.lang.String,java.lang.String,java.lang.String)[pri:2, instance:com.orange.qa.test.EmploymentPageTest@14dd9eb7]" started-at="2024-01-23T16:41:47 IST" name="addNewEmployee" data-provider="readData" finished-at="2024-01-23T16:41:49 IST" duration-ms="2354" status="PASS">
          <params>
            <param index="0">
              <value>
                <![CDATA[Mohana]]>
              </value>
            </param>
            <param index="1">
              <value>
                <![CDATA[priya]]>
              </value>
            </param>
            <param index="2">
              <value>
                <![CDATA[gopal]]>
              </value>
            </param>
          </params>
          <reporter-output>
          </reporter-output>
        </test-method> <!-- addNewEmployee -->
        <test-method is-config="true" signature="statusLogOfReorts(org.testng.ITestResult)[pri:0, instance:com.orange.qa.test.EmploymentPageTest@14dd9eb7]" started-at="2024-01-23T16:41:49 IST" name="statusLogOfReorts" finished-at="2024-01-23T16:41:49 IST" duration-ms="12" status="PASS">
          <params>
            <param index="0">
              <value>
                <![CDATA[[TestResult name=addNewEmployee status=SUCCESS method=EmploymentPageTest.addNewEmployee(java.lang.String,java.lang.String,java.lang.String)[pri:2, instance:com.orange.qa.test.EmploymentPageTest@14dd9eb7] output={null}]]]>
              </value>
            </param>
          </params>
          <reporter-output>
          </reporter-output>
        </test-method> <!-- statusLogOfReorts -->
        <test-method signature="verifyAddedEmployee()[pri:3, instance:com.orange.qa.test.EmploymentPageTest@14dd9eb7]" started-at="2024-01-23T16:41:49 IST" name="verifyAddedEmployee" finished-at="2024-01-23T16:41:51 IST" duration-ms="2066" status="FAIL">
          <exception class="java.lang.AssertionError">
            <message>
              <![CDATA[expected [Mohana] but found [45@# 445$]]]>
            </message>
            <full-stacktrace>
              <![CDATA[java.lang.AssertionError: expected [Mohana] but found [45@# 445$]
at org.testng.Assert.fail(Assert.java:111)
at org.testng.Assert.failNotEquals(Assert.java:1578)
at org.testng.Assert.assertEqualsImpl(Assert.java:150)
at org.testng.Assert.assertEquals(Assert.java:132)
at org.testng.Assert.assertEquals(Assert.java:656)
at org.testng.Assert.assertEquals(Assert.java:666)
at com.orange.qa.pages.EmploymentPage.validateAddedEmployee(EmploymentPage.java:73)
at com.orange.qa.test.EmploymentPageTest.verifyAddedEmployee(EmploymentPageTest.java:42)
at java.base/jdk.internal.reflect.NativeMethodAccessorImpl.invoke0(Native Method)
at java.base/jdk.internal.reflect.NativeMethodAccessorImpl.invoke(NativeMethodAccessorImpl.java:77)
at java.base/jdk.internal.reflect.DelegatingMethodAccessorImpl.invoke(DelegatingMethodAccessorImpl.java:43)
at java.base/java.lang.reflect.Method.invoke(Method.java:568)
at org.testng.internal.invokers.MethodInvocationHelper.invokeMethod(MethodInvocationHelper.java:139)
at org.testng.internal.invokers.TestInvoker.invokeMethod(TestInvoker.java:664)
at org.testng.internal.invokers.TestInvoker.invokeTestMethod(TestInvoker.java:227)
at org.testng.internal.invokers.MethodRunner.runInSequence(MethodRunner.java:50)
at org.testng.internal.invokers.TestInvoker$MethodInvocationAgent.invoke(TestInvoker.java:957)
at org.testng.internal.invokers.TestInvoker.invokeTestMethods(TestInvoker.java:200)
at org.testng.internal.invokers.TestMethodWorker.invokeTestMethods(TestMethodWorker.java:148)
at org.testng.internal.invokers.TestMethodWorker.run(TestMethodWorker.java:128)
at java.base/java.util.ArrayList.forEach(ArrayList.java:1511)
at org.testng.TestRunner.privateRun(TestRunner.java:848)
at org.testng.TestRunner.run(TestRunner.java:621)
at org.testng.SuiteRunner.runTest(SuiteRunner.java:443)
at org.testng.SuiteRunner.runSequentially(SuiteRunner.java:437)
at org.testng.SuiteRunner.privateRun(SuiteRunner.java:397)
at org.testng.SuiteRunner.run(SuiteRunner.java:336)
at org.testng.SuiteRunnerWorker.runSuite(SuiteRunnerWorker.java:52)
at org.testng.SuiteRunnerWorker.run(SuiteRunnerWorker.java:95)
at org.testng.TestNG.runSuitesSequentially(TestNG.java:1280)
at org.testng.TestNG.runSuitesLocally(TestNG.java:1200)
at org.testng.TestNG.runSuites(TestNG.java:1114)
at org.testng.TestNG.run(TestNG.java:1082)
at com.intellij.rt.testng.IDEARemoteTestNG.run(IDEARemoteTestNG.java:65)
at com.intellij.rt.testng.RemoteTestNGStarter.main(RemoteTestNGStarter.java:105)
]]>
            </full-stacktrace>
          </exception> <!-- java.lang.AssertionError -->
          <reporter-output>
          </reporter-output>
        </test-method> <!-- verifyAddedEmployee -->
        <test-method is-config="true" signature="setUpReportLog(org.testng.ITestResult)[pri:0, instance:com.orange.qa.test.EmploymentPageTest@14dd9eb7]" started-at="2024-01-23T16:41:49 IST" name="setUpReportLog" finished-at="2024-01-23T16:41:49 IST" duration-ms="0" status="PASS">
          <params>
            <param index="0">
              <value>
                <![CDATA[[TestResult name={null} status=CREATED method=EmploymentPageTest.verifyAddedEmployee()[pri:3, instance:com.orange.qa.test.EmploymentPageTest@14dd9eb7] output={null}]]]>
              </value>
            </param>
          </params>
          <reporter-output>
          </reporter-output>
        </test-method> <!-- setUpReportLog -->
        <test-method is-config="true" signature="statusLogOfReorts(org.testng.ITestResult)[pri:0, instance:com.orange.qa.test.EmploymentPageTest@14dd9eb7]" started-at="2024-01-23T16:41:51 IST" name="statusLogOfReorts" finished-at="2024-01-23T16:41:51 IST" duration-ms="161" status="PASS">
          <params>
            <param index="0">
              <value>
                <![CDATA[[TestResult name=verifyAddedEmployee status=FAILURE method=EmploymentPageTest.verifyAddedEmployee()[pri:3, instance:com.orange.qa.test.EmploymentPageTest@14dd9eb7] output={null}]]]>
              </value>
            </param>
          </params>
          <reporter-output>
          </reporter-output>
        </test-method> <!-- statusLogOfReorts -->
      </class> <!-- com.orange.qa.test.EmploymentPageTest -->
      <class name="com.orange.qa.test.LoginPageTest">
        <test-method is-config="true" signature="launchBrowser()[pri:0, instance:com.orange.qa.test.LoginPageTest@123ef382]" started-at="2024-01-23T16:41:18 IST" name="launchBrowser" finished-at="2024-01-23T16:41:22 IST" duration-ms="4620" status="PASS">
          <reporter-output>
          </reporter-output>
        </test-method> <!-- launchBrowser -->
        <test-method is-config="true" signature="setUpReports()[pri:0, instance:com.orange.qa.test.LoginPageTest@123ef382]" started-at="2024-01-23T16:41:22 IST" name="setUpReports" finished-at="2024-01-23T16:41:22 IST" duration-ms="119" status="PASS">
          <reporter-output>
          </reporter-output>
        </test-method> <!-- setUpReports -->
        <test-method is-config="true" signature="setUpReportLog(org.testng.ITestResult)[pri:0, instance:com.orange.qa.test.LoginPageTest@123ef382]" started-at="2024-01-23T16:41:22 IST" name="setUpReportLog" finished-at="2024-01-23T16:41:22 IST" duration-ms="5" status="PASS">
          <params>
            <param index="0">
              <value>
                <![CDATA[[TestResult name={null} status=CREATED method=LoginPageTest.verifyLoginPage()[pri:0, instance:com.orange.qa.test.LoginPageTest@123ef382] output={null}]]]>
              </value>
            </param>
          </params>
          <reporter-output>
          </reporter-output>
        </test-method> <!-- setUpReportLog -->
        <test-method signature="verifyLoginPage()[pri:0, instance:com.orange.qa.test.LoginPageTest@123ef382]" started-at="2024-01-23T16:41:22 IST" name="verifyLoginPage" finished-at="2024-01-23T16:41:23 IST" duration-ms="957" status="PASS">
          <reporter-output>
          </reporter-output>
        </test-method> <!-- verifyLoginPage -->
        <test-method is-config="true" signature="statusLogOfReorts(org.testng.ITestResult)[pri:0, instance:com.orange.qa.test.LoginPageTest@123ef382]" started-at="2024-01-23T16:41:23 IST" name="statusLogOfReorts" finished-at="2024-01-23T16:41:24 IST" duration-ms="203" status="PASS">
          <params>
            <param index="0">
              <value>
                <![CDATA[[TestResult name=verifyLoginPage status=SUCCESS method=LoginPageTest.verifyLoginPage()[pri:0, instance:com.orange.qa.test.LoginPageTest@123ef382] output={null}]]]>
              </value>
            </param>
          </params>
          <reporter-output>
          </reporter-output>
        </test-method> <!-- statusLogOfReorts -->
        <test-method is-config="true" signature="setUpReportLog(org.testng.ITestResult)[pri:0, instance:com.orange.qa.test.LoginPageTest@123ef382]" started-at="2024-01-23T16:41:24 IST" name="setUpReportLog" finished-at="2024-01-23T16:41:24 IST" duration-ms="1" status="PASS">
          <params>
            <param index="0">
              <value>
                <![CDATA[[TestResult name={null} status=CREATED method=LoginPageTest.applicationLogin()[pri:1, instance:com.orange.qa.test.LoginPageTest@123ef382] output={null}]]]>
              </value>
            </param>
          </params>
          <reporter-output>
          </reporter-output>
        </test-method> <!-- setUpReportLog -->
        <test-method signature="applicationLogin()[pri:1, instance:com.orange.qa.test.LoginPageTest@123ef382]" started-at="2024-01-23T16:41:24 IST" name="applicationLogin" finished-at="2024-01-23T16:41:24 IST" duration-ms="159" status="PASS">
          <reporter-output>
          </reporter-output>
        </test-method> <!-- applicationLogin -->
        <test-method is-config="true" signature="statusLogOfReorts(org.testng.ITestResult)[pri:0, instance:com.orange.qa.test.LoginPageTest@123ef382]" started-at="2024-01-23T16:41:24 IST" name="statusLogOfReorts" finished-at="2024-01-23T16:41:24 IST" duration-ms="20" status="PASS">
          <params>
            <param index="0">
              <value>
                <![CDATA[[TestResult name=applicationLogin status=SUCCESS method=LoginPageTest.applicationLogin()[pri:1, instance:com.orange.qa.test.LoginPageTest@123ef382] output={null}]]]>
              </value>
            </param>
          </params>
          <reporter-output>
          </reporter-output>
        </test-method> <!-- statusLogOfReorts -->
        <test-method is-config="true" signature="setUpReportLog(org.testng.ITestResult)[pri:0, instance:com.orange.qa.test.LoginPageTest@123ef382]" started-at="2024-01-23T16:41:24 IST" name="setUpReportLog" finished-at="2024-01-23T16:41:24 IST" duration-ms="1" status="PASS">
          <params>
            <param index="0">
              <value>
                <![CDATA[[TestResult name={null} status=CREATED method=LoginPageTest.verifyHomePage()[pri:2, instance:com.orange.qa.test.LoginPageTest@123ef382] output={null}]]]>
              </value>
            </param>
          </params>
          <reporter-output>
          </reporter-output>
        </test-method> <!-- setUpReportLog -->
        <test-method signature="verifyHomePage()[pri:2, instance:com.orange.qa.test.LoginPageTest@123ef382]" started-at="2024-01-23T16:41:24 IST" name="verifyHomePage" finished-at="2024-01-23T16:41:25 IST" duration-ms="1650" status="PASS">
          <reporter-output>
          </reporter-output>
        </test-method> <!-- verifyHomePage -->
        <test-method is-config="true" signature="statusLogOfReorts(org.testng.ITestResult)[pri:0, instance:com.orange.qa.test.LoginPageTest@123ef382]" started-at="2024-01-23T16:41:25 IST" name="statusLogOfReorts" finished-at="2024-01-23T16:41:25 IST" duration-ms="14" status="PASS">
          <params>
            <param index="0">
              <value>
                <![CDATA[[TestResult name=verifyHomePage status=SUCCESS method=LoginPageTest.verifyHomePage()[pri:2, instance:com.orange.qa.test.LoginPageTest@123ef382] output={null}]]]>
              </value>
            </param>
          </params>
          <reporter-output>
          </reporter-output>
        </test-method> <!-- statusLogOfReorts -->
        <test-method is-config="true" signature="tearDown()[pri:0, instance:com.orange.qa.test.LoginPageTest@123ef382]" started-at="2024-01-23T16:42:13 IST" name="tearDown" finished-at="2024-01-23T16:42:13 IST" duration-ms="102" status="PASS">
          <reporter-output>
          </reporter-output>
        </test-method> <!-- tearDown -->
      </class> <!-- com.orange.qa.test.LoginPageTest -->
      <class name="com.orange.qa.test.DirectoryPageTest">
        <test-method is-config="true" signature="setUpReportLog(org.testng.ITestResult)[pri:0, instance:com.orange.qa.test.DirectoryPageTest@52e6fdee]" started-at="2024-01-23T16:41:51 IST" name="setUpReportLog" finished-at="2024-01-23T16:41:51 IST" duration-ms="0" status="PASS">
          <params>
            <param index="0">
              <value>
                <![CDATA[[TestResult name={null} status=CREATED method=DirectoryPageTest.loginIntoAccount()[pri:0, instance:com.orange.qa.test.DirectoryPageTest@52e6fdee] output={null}]]]>
              </value>
            </param>
          </params>
          <reporter-output>
          </reporter-output>
        </test-method> <!-- setUpReportLog -->
        <test-method signature="loginIntoAccount()[pri:0, instance:com.orange.qa.test.DirectoryPageTest@52e6fdee]" started-at="2024-01-23T16:41:51 IST" name="loginIntoAccount" finished-at="2024-01-23T16:42:11 IST" duration-ms="20010" status="FAIL">
          <exception class="org.openqa.selenium.NoSuchElementException">
            <message>
              <![CDATA[no such element: Unable to locate element: {"method":"css selector","selector":"*[name='username']"}
  (Session info: chrome=120.0.6099.129)
For documentation on this error, please visit: https://www.selenium.dev/documentation/webdriver/troubleshooting/errors#no-such-element-exception
Build info: version: '4.16.1', revision: '9b4c83354e'
System info: os.name: 'Linux', os.arch: 'amd64', os.version: '6.5.0-14-generic', java.version: '17.0.9'
Driver info: org.openqa.selenium.chrome.ChromeDriver
Command: [a6785914e008dfd8bb0c02cefc638905, findElement {using=name, value=username}]
Capabilities {acceptInsecureCerts: false, browserName: chrome, browserVersion: 120.0.6099.129, chrome: {chromedriverVersion: 120.0.6099.109 (3419140ab66..., userDataDir: /tmp/.org.chromium.Chromium...}, fedcm:accounts: true, goog:chromeOptions: {debuggerAddress: localhost:46093}, networkConnectionEnabled: false, pageLoadStrategy: normal, platformName: linux, proxy: Proxy(), se:cdp: ws://localhost:46093/devtoo..., se:cdpVersion: 120.0.6099.129, setWindowRect: true, strictFileInteractability: false, timeouts: {implicit: 0, pageLoad: 300000, script: 30000}, unhandledPromptBehavior: dismiss and notify, webauthn:extension:credBlob: true, webauthn:extension:largeBlob: true, webauthn:extension:minPinLength: true, webauthn:extension:prf: true, webauthn:virtualAuthenticators: true}
Session ID: a6785914e008dfd8bb0c02cefc638905]]>
            </message>
            <full-stacktrace>
              <![CDATA[org.openqa.selenium.NoSuchElementException: no such element: Unable to locate element: {"method":"css selector","selector":"*[name='username']"}
  (Session info: chrome=120.0.6099.129)
For documentation on this error, please visit: https://www.selenium.dev/documentation/webdriver/troubleshooting/errors#no-such-element-exception
Build info: version: '4.16.1', revision: '9b4c83354e'
System info: os.name: 'Linux', os.arch: 'amd64', os.version: '6.5.0-14-generic', java.version: '17.0.9'
Driver info: org.openqa.selenium.chrome.ChromeDriver
Command: [a6785914e008dfd8bb0c02cefc638905, findElement {using=name, value=username}]
Capabilities {acceptInsecureCerts: false, browserName: chrome, browserVersion: 120.0.6099.129, chrome: {chromedriverVersion: 120.0.6099.109 (3419140ab66..., userDataDir: /tmp/.org.chromium.Chromium...}, fedcm:accounts: true, goog:chromeOptions: {debuggerAddress: localhost:46093}, networkConnectionEnabled: false, pageLoadStrategy: normal, platformName: linux, proxy: Proxy(), se:cdp: ws://localhost:46093/devtoo..., se:cdpVersion: 120.0.6099.129, setWindowRect: true, strictFileInteractability: false, timeouts: {implicit: 0, pageLoad: 300000, script: 30000}, unhandledPromptBehavior: dismiss and notify, webauthn:extension:credBlob: true, webauthn:extension:largeBlob: true, webauthn:extension:minPinLength: true, webauthn:extension:prf: true, webauthn:virtualAuthenticators: true}
Session ID: a6785914e008dfd8bb0c02cefc638905
at java.base/jdk.internal.reflect.NativeConstructorAccessorImpl.newInstance0(Native Method)
at java.base/jdk.internal.reflect.NativeConstructorAccessorImpl.newInstance(NativeConstructorAccessorImpl.java:77)
at java.base/jdk.internal.reflect.DelegatingConstructorAccessorImpl.newInstance(DelegatingConstructorAccessorImpl.java:45)
at java.base/java.lang.reflect.Constructor.newInstanceWithCaller(Constructor.java:499)
at java.base/java.lang.reflect.Constructor.newInstance(Constructor.java:480)
at org.openqa.selenium.remote.codec.w3c.W3CHttpResponseCodec.createException(W3CHttpResponseCodec.java:200)
at org.openqa.selenium.remote.codec.w3c.W3CHttpResponseCodec.decode(W3CHttpResponseCodec.java:133)
at org.openqa.selenium.remote.codec.w3c.W3CHttpResponseCodec.decode(W3CHttpResponseCodec.java:52)
at org.openqa.selenium.remote.HttpCommandExecutor.execute(HttpCommandExecutor.java:191)
at org.openqa.selenium.remote.service.DriverCommandExecutor.invokeExecute(DriverCommandExecutor.java:200)
at org.openqa.selenium.remote.service.DriverCommandExecutor.execute(DriverCommandExecutor.java:175)
at org.openqa.selenium.remote.RemoteWebDriver.execute(RemoteWebDriver.java:523)
at org.openqa.selenium.remote.ElementLocation$ElementFinder$2.findElement(ElementLocation.java:165)
at org.openqa.selenium.remote.ElementLocation.findElement(ElementLocation.java:59)
at org.openqa.selenium.remote.RemoteWebDriver.findElement(RemoteWebDriver.java:360)
at org.openqa.selenium.remote.RemoteWebDriver.findElement(RemoteWebDriver.java:354)
at org.openqa.selenium.support.pagefactory.DefaultElementLocator.findElement(DefaultElementLocator.java:68)
at org.openqa.selenium.support.pagefactory.internal.LocatingElementHandler.invoke(LocatingElementHandler.java:38)
at jdk.proxy2/jdk.proxy2.$Proxy17.sendKeys(Unknown Source)
at com.orange.qa.pages.LoginPage.enterLoginDetails(LoginPage.java:36)
at com.orange.qa.test.DirectoryPageTest.loginIntoAccount(DirectoryPageTest.java:19)
at java.base/jdk.internal.reflect.NativeMethodAccessorImpl.invoke0(Native Method)
at java.base/jdk.internal.reflect.NativeMethodAccessorImpl.invoke(NativeMethodAccessorImpl.java:77)
at java.base/jdk.internal.reflect.DelegatingMethodAccessorImpl.invoke(DelegatingMethodAccessorImpl.java:43)
at java.base/java.lang.reflect.Method.invoke(Method.java:568)
at org.testng.internal.invokers.MethodInvocationHelper.invokeMethod(MethodInvocationHelper.java:139)
at org.testng.internal.invokers.TestInvoker.invokeMethod(TestInvoker.java:664)
at org.testng.internal.invokers.TestInvoker.invokeTestMethod(TestInvoker.java:227)
at org.testng.internal.invokers.MethodRunner.runInSequence(MethodRunner.java:50)
at org.testng.internal.invokers.TestInvoker$MethodInvocationAgent.invoke(TestInvoker.java:957)
at org.testng.internal.invokers.TestInvoker.invokeTestMethods(TestInvoker.java:200)
at org.testng.internal.invokers.TestMethodWorker.invokeTestMethods(TestMethodWorker.java:148)
at org.testng.internal.invokers.TestMethodWorker.run(TestMethodWorker.java:128)
at java.base/java.util.ArrayList.forEach(ArrayList.java:1511)
at org.testng.TestRunner.privateRun(TestRunner.java:848)
at org.testng.TestRunner.run(TestRunner.java:621)
at org.testng.SuiteRunner.runTest(SuiteRunner.java:443)
at org.testng.SuiteRunner.runSequentially(SuiteRunner.java:437)
at org.testng.SuiteRunner.privateRun(SuiteRunner.java:397)
at org.testng.SuiteRunner.run(SuiteRunner.java:336)
at org.testng.SuiteRunnerWorker.runSuite(SuiteRunnerWorker.java:52)
at org.testng.SuiteRunnerWorker.run(SuiteRunnerWorker.java:95)
at org.testng.TestNG.runSuitesSequentially(TestNG.java:1280)
at org.testng.TestNG.runSuitesLocally(TestNG.java:1200)
at org.testng.TestNG.runSuites(TestNG.java:1114)
at org.testng.TestNG.run(TestNG.java:1082)
at com.intellij.rt.testng.IDEARemoteTestNG.run(IDEARemoteTestNG.java:65)
at com.intellij.rt.testng.RemoteTestNGStarter.main(RemoteTestNGStarter.java:105)
]]>
            </full-stacktrace>
          </exception> <!-- org.openqa.selenium.NoSuchElementException -->
          <reporter-output>
          </reporter-output>
        </test-method> <!-- loginIntoAccount -->
        <test-method is-config="true" signature="statusLogOfReorts(org.testng.ITestResult)[pri:0, instance:com.orange.qa.test.DirectoryPageTest@52e6fdee]" started-at="2024-01-23T16:42:11 IST" name="statusLogOfReorts" finished-at="2024-01-23T16:42:12 IST" duration-ms="130" status="PASS">
          <params>
            <param index="0">
              <value>
                <![CDATA[[TestResult name=loginIntoAccount status=FAILURE method=DirectoryPageTest.loginIntoAccount()[pri:0, instance:com.orange.qa.test.DirectoryPageTest@52e6fdee] output={null}]]]>
              </value>
            </param>
          </params>
          <reporter-output>
          </reporter-output>
        </test-method> <!-- statusLogOfReorts -->
        <test-method is-config="true" signature="setUpReportLog(org.testng.ITestResult)[pri:0, instance:com.orange.qa.test.DirectoryPageTest@52e6fdee]" started-at="2024-01-23T16:42:12 IST" name="setUpReportLog" finished-at="2024-01-23T16:42:12 IST" duration-ms="0" status="PASS">
          <params>
            <param index="0">
              <value>
                <![CDATA[[TestResult name={null} status=CREATED method=DirectoryPageTest.verifyDirectoryPage()[pri:1, instance:com.orange.qa.test.DirectoryPageTest@52e6fdee] output={null}]]]>
              </value>
            </param>
          </params>
          <reporter-output>
          </reporter-output>
        </test-method> <!-- setUpReportLog -->
        <test-method signature="verifyDirectoryPage()[pri:1, instance:com.orange.qa.test.DirectoryPageTest@52e6fdee]" started-at="2024-01-23T16:42:12 IST" name="verifyDirectoryPage" finished-at="2024-01-23T16:42:12 IST" duration-ms="819" status="PASS">
          <reporter-output>
          </reporter-output>
        </test-method> <!-- verifyDirectoryPage -->
        <test-method is-config="true" signature="statusLogOfReorts(org.testng.ITestResult)[pri:0, instance:com.orange.qa.test.DirectoryPageTest@52e6fdee]" started-at="2024-01-23T16:42:12 IST" name="statusLogOfReorts" finished-at="2024-01-23T16:42:12 IST" duration-ms="23" status="PASS">
          <params>
            <param index="0">
              <value>
                <![CDATA[[TestResult name=verifyDirectoryPage status=SUCCESS method=DirectoryPageTest.verifyDirectoryPage()[pri:1, instance:com.orange.qa.test.DirectoryPageTest@52e6fdee] output={null}]]]>
              </value>
            </param>
          </params>
          <reporter-output>
          </reporter-output>
        </test-method> <!-- statusLogOfReorts -->
        <test-method is-config="true" signature="setUpReportLog(org.testng.ITestResult)[pri:0, instance:com.orange.qa.test.DirectoryPageTest@52e6fdee]" started-at="2024-01-23T16:42:12 IST" name="setUpReportLog" finished-at="2024-01-23T16:42:12 IST" duration-ms="1" status="PASS">
          <params>
            <param index="0">
              <value>
                <![CDATA[[TestResult name={null} status=CREATED method=DirectoryPageTest.verifyAddedEmployee(java.lang.String,java.lang.String,java.lang.String)[pri:2, instance:com.orange.qa.test.DirectoryPageTest@52e6fdee] output={null}]]]>
              </value>
            </param>
          </params>
          <reporter-output>
          </reporter-output>
        </test-method> <!-- setUpReportLog -->
        <test-method signature="verifyAddedEmployee(java.lang.String,java.lang.String,java.lang.String)[pri:2, instance:com.orange.qa.test.DirectoryPageTest@52e6fdee]" started-at="2024-01-23T16:42:12 IST" name="verifyAddedEmployee" data-provider="readData" finished-at="2024-01-23T16:42:13 IST" duration-ms="369" status="FAIL">
          <params>
            <param index="0">
              <value>
                <![CDATA[Mohana]]>
              </value>
            </param>
            <param index="1">
              <value>
                <![CDATA[priya]]>
              </value>
            </param>
            <param index="2">
              <value>
                <![CDATA[gopal]]>
              </value>
            </param>
          </params>
          <exception class="java.lang.AssertionError">
            <message>
              <![CDATA[Newly added employee details is listed expected [Mohana] but found [some]]]>
            </message>
            <full-stacktrace>
              <![CDATA[java.lang.AssertionError: Newly added employee details is listed expected [Mohana] but found [some]
at org.testng.Assert.fail(Assert.java:111)
at org.testng.Assert.failNotEquals(Assert.java:1578)
at org.testng.Assert.assertEqualsImpl(Assert.java:150)
at org.testng.Assert.assertEquals(Assert.java:132)
at org.testng.Assert.assertEquals(Assert.java:656)
at com.orange.qa.pages.DirectoryPage.validateAddedEmployee(DirectoryPage.java:45)
at com.orange.qa.test.DirectoryPageTest.verifyAddedEmployee(DirectoryPageTest.java:33)
at java.base/jdk.internal.reflect.NativeMethodAccessorImpl.invoke0(Native Method)
at java.base/jdk.internal.reflect.NativeMethodAccessorImpl.invoke(NativeMethodAccessorImpl.java:77)
at java.base/jdk.internal.reflect.DelegatingMethodAccessorImpl.invoke(DelegatingMethodAccessorImpl.java:43)
at java.base/java.lang.reflect.Method.invoke(Method.java:568)
at org.testng.internal.invokers.MethodInvocationHelper.invokeMethod(MethodInvocationHelper.java:139)
at org.testng.internal.invokers.TestInvoker.invokeMethod(TestInvoker.java:664)
at org.testng.internal.invokers.TestInvoker.invokeTestMethod(TestInvoker.java:227)
at org.testng.internal.invokers.MethodRunner.runInSequence(MethodRunner.java:50)
at org.testng.internal.invokers.TestInvoker$MethodInvocationAgent.invoke(TestInvoker.java:957)
at org.testng.internal.invokers.TestInvoker.invokeTestMethods(TestInvoker.java:200)
at org.testng.internal.invokers.TestMethodWorker.invokeTestMethods(TestMethodWorker.java:148)
at org.testng.internal.invokers.TestMethodWorker.run(TestMethodWorker.java:128)
at java.base/java.util.ArrayList.forEach(ArrayList.java:1511)
at org.testng.TestRunner.privateRun(TestRunner.java:848)
at org.testng.TestRunner.run(TestRunner.java:621)
at org.testng.SuiteRunner.runTest(SuiteRunner.java:443)
at org.testng.SuiteRunner.runSequentially(SuiteRunner.java:437)
at org.testng.SuiteRunner.privateRun(SuiteRunner.java:397)
at org.testng.SuiteRunner.run(SuiteRunner.java:336)
at org.testng.SuiteRunnerWorker.runSuite(SuiteRunnerWorker.java:52)
at org.testng.SuiteRunnerWorker.run(SuiteRunnerWorker.java:95)
at org.testng.TestNG.runSuitesSequentially(TestNG.java:1280)
at org.testng.TestNG.runSuitesLocally(TestNG.java:1200)
at org.testng.TestNG.runSuites(TestNG.java:1114)
at org.testng.TestNG.run(TestNG.java:1082)
at com.intellij.rt.testng.IDEARemoteTestNG.run(IDEARemoteTestNG.java:65)
at com.intellij.rt.testng.RemoteTestNGStarter.main(RemoteTestNGStarter.java:105)
]]>
            </full-stacktrace>
          </exception> <!-- java.lang.AssertionError -->
          <reporter-output>
          </reporter-output>
        </test-method> <!-- verifyAddedEmployee -->
        <test-method is-config="true" signature="statusLogOfReorts(org.testng.ITestResult)[pri:0, instance:com.orange.qa.test.DirectoryPageTest@52e6fdee]" started-at="2024-01-23T16:42:13 IST" name="statusLogOfReorts" finished-at="2024-01-23T16:42:13 IST" duration-ms="152" status="PASS">
          <params>
            <param index="0">
              <value>
                <![CDATA[[TestResult name=verifyAddedEmployee status=FAILURE method=DirectoryPageTest.verifyAddedEmployee(java.lang.String,java.lang.String,java.lang.String)[pri:2, instance:com.orange.qa.test.DirectoryPageTest@52e6fdee] output={null}]]]>
              </value>
            </param>
          </params>
          <reporter-output>
          </reporter-output>
        </test-method> <!-- statusLogOfReorts -->
      </class> <!-- com.orange.qa.test.DirectoryPageTest -->
    </test> <!-- /home/mohag/Documents/Assignments/OrangeHRM -->
  </suite> <!-- All Test Suite -->
</testng-results>
